number,value,datetime_start,datetime_complete,duration,params_batch_size,params_dropout,params_hidden,params_layers,params_lr,params_weight_decay,state
0,0.543130453437725,2026-04-22 09:51:17.730128,2026-04-22 09:51:29.090495,0 days 00:00:11.360367,128,0.2232334448672798,24,1,0.00190303683817358,0.0006358358856676254,COMPLETE
1,0.5134085400892489,2026-04-22 09:51:29.090543,2026-04-22 09:51:44.590325,0 days 00:00:15.499782,128,0.3727780074568463,16,2,0.0002692655251486473,0.000684792009557478,COMPLETE
2,0.5236914674765384,2026-04-22 09:51:44.590379,2026-04-22 09:52:12.545387,0 days 00:00:27.955008,64,0.4430179407605753,24,1,0.0001786013788939711,1.5673095467235405e-05,COMPLETE
3,0.5419815024217014,2026-04-22 09:52:12.545442,2026-04-22 09:52:47.956682,0 days 00:00:35.411240,32,0.21375540844608737,32,2,0.0022038218939289885,5.9750279999602906e-05,COMPLETE
4,0.5390741469544652,2026-04-22 09:52:47.956746,2026-04-22 09:52:56.411678,0 days 00:00:08.454932,128,0.4391599915244341,32,1,0.002299958642814372,1.8427970406864546e-05,COMPLETE
5,0.5438842203548085,2026-04-22 09:52:56.411733,2026-04-22 09:53:22.051657,0 days 00:00:25.639924,32,0.25636968998990506,32,2,0.0015308837415731389,1.6736010167825783e-05,PRUNED
6,0.5603174603174603,2026-04-22 09:53:22.051700,2026-04-22 09:54:03.299595,0 days 00:00:41.247895,32,0.34338629141770904,24,1,0.0001483039268456802,0.0038842777547031426,PRUNED
7,0.5375944827215046,2026-04-22 09:54:03.299626,2026-04-22 09:54:22.986744,0 days 00:00:19.687118,64,0.2478376983753207,32,1,0.001131225105716033,0.0019158219548093154,COMPLETE
8,0.5392557022809124,2026-04-22 09:54:22.986800,2026-04-22 09:54:33.834398,0 days 00:00:10.847598,128,0.32574239243053066,16,2,0.0005639239991667561,0.005280796376895365,PRUNED
9,0.5601907429638522,2026-04-22 09:54:33.834430,2026-04-22 09:54:51.556845,0 days 00:00:17.722415,64,0.45336150260416935,32,1,0.0019375501864120402,0.0025764174425233167,PRUNED
10,0.5377276864034058,2026-04-22 09:54:51.556877,2026-04-22 09:55:04.248570,0 days 00:00:12.691693,128,0.5838224762263868,48,1,0.0008346023248836161,0.00015546306621573152,COMPLETE
11,0.5569494464452448,2026-04-22 09:55:04.248625,2026-04-22 09:55:33.021616,0 days 00:00:28.772991,32,0.21372589781031556,24,2,0.0029694063468143545,0.0001185568402848475,PRUNED
12,0.5537895612250507,2026-04-22 09:55:33.021647,2026-04-22 09:56:14.850133,0 days 00:00:41.828486,32,0.2868777726945719,48,2,0.0008287670130296048,8.444842120144281e-05,COMPLETE
13,0.5545918367346938,2026-04-22 09:56:14.850187,2026-04-22 09:56:43.735433,0 days 00:00:28.885246,32,0.2872567498454318,48,2,0.00048671552589713246,0.0006043919261603298,PRUNED
14,0.5401493930905695,2026-04-22 09:56:43.735464,2026-04-22 09:56:56.972778,0 days 00:00:13.237314,128,0.29842543657875115,48,1,0.0008571131858324278,0.0003488741324399338,PRUNED
15,0.5682606375883686,2026-04-22 09:56:56.972808,2026-04-22 09:57:46.517103,0 days 00:00:49.544295,32,0.5259134876019591,48,2,0.0004402664664603688,5.872249735590818e-05,PRUNED
16,0.570548219287715,2026-04-22 09:57:46.517148,2026-04-22 09:58:00.132712,0 days 00:00:13.615564,128,0.26316063374301857,24,2,0.0012660679777501368,0.001197847201159697,PRUNED
17,0.5489044056070357,2026-04-22 09:58:00.132746,2026-04-22 09:58:32.095917,0 days 00:00:31.963171,32,0.38892878466688063,48,1,0.0009226644036833226,0.009378779924589195,COMPLETE
18,0.5612444977991197,2026-04-22 09:58:32.095978,2026-04-22 09:59:11.675801,0 days 00:00:39.579823,32,0.3971289003463234,48,1,0.0003374440641499413,0.007408459740084945,PRUNED
19,0.5609777244231026,2026-04-22 09:59:11.675844,2026-04-22 09:59:43.380771,0 days 00:00:31.704927,32,0.5089810626910788,48,2,0.0007011741717415103,3.512112548985357e-05,PRUNED
20,0.5624749899959984,2026-04-22 09:59:43.380806,2026-04-22 10:00:11.392927,0 days 00:00:28.012121,32,0.354675384058312,48,2,0.0010519135982683153,0.00017049097408168746,PRUNED
21,0.5382837335712543,2026-04-22 10:00:11.392959,2026-04-22 10:00:35.263481,0 days 00:00:23.870522,32,0.2084377524766327,24,1,0.0015935562710344112,0.009901550633175271,COMPLETE
22,0.5545818327330932,2026-04-22 10:00:35.263531,2026-04-22 10:00:50.770596,0 days 00:00:15.507065,128,0.30915817104623344,48,1,0.0007939370117718243,0.000259303602111793,PRUNED
23,0.5728491396558623,2026-04-22 10:00:50.770627,2026-04-22 10:01:05.098941,0 days 00:00:14.328314,64,0.40446168929015097,16,1,0.0014800437108859214,9.310627946629054e-05,PRUNED
24,0.540609577164199,2026-04-22 10:01:05.098974,2026-04-22 10:01:45.518696,0 days 00:00:40.419722,32,0.24449416904382393,24,1,0.0006296329424313928,0.001116936650007767,PRUNED
25,0.5357157811562875,2026-04-22 10:01:45.518741,2026-04-22 10:01:56.785080,0 days 00:00:11.266339,128,0.2779630630044015,48,1,0.0010134023311446944,0.00035649849079328347,COMPLETE
26,0.5623249299719888,2026-04-22 10:01:56.785133,2026-04-22 10:02:26.585431,0 days 00:00:29.800298,32,0.4866876305603674,48,1,0.0027874368119986067,3.09045996971412e-05,PRUNED
27,0.5671068427370949,2026-04-22 10:02:26.585463,2026-04-22 10:03:13.780464,0 days 00:00:47.195001,32,0.323819408991232,24,1,0.0003517926217245268,0.0006421552732096232,PRUNED
28,0.5571428571428572,2026-04-22 10:03:13.780507,2026-04-22 10:03:32.523721,0 days 00:00:18.743214,64,0.3796704954312181,16,2,0.0017762669375444792,6.957957825544516e-05,PRUNED
29,0.5688608776844071,2026-04-22 10:03:32.523751,2026-04-22 10:03:52.777965,0 days 00:00:20.254214,128,0.2282572457368231,16,2,0.00026054825073958625,0.0012429041037837398,PRUNED
