number,value,datetime_start,datetime_complete,duration,params_batch_size,params_dropout,params_hidden,params_layers,params_lr,params_weight_decay,state
0,0.5187228955339868,2026-04-22 05:13:36.840430,2026-04-22 05:13:48.137545,0 days 00:00:11.297115,128,0.2232334448672798,24,1,0.00190303683817358,0.0006358358856676254,COMPLETE
1,0.527684619712003,2026-04-22 05:13:48.137595,2026-04-22 05:13:54.960330,0 days 00:00:06.822735,128,0.3727780074568463,16,2,0.0002692655251486473,0.000684792009557478,COMPLETE
2,0.4982927574069687,2026-04-22 05:13:54.960394,2026-04-22 05:14:23.640043,0 days 00:00:28.679649,64,0.4430179407605753,24,1,0.0001786013788939711,1.5673095467235405e-05,COMPLETE
3,0.5280181682866629,2026-04-22 05:14:23.640097,2026-04-22 05:14:46.995434,0 days 00:00:23.355337,32,0.21375540844608737,32,2,0.0022038218939289885,5.9750279999602906e-05,COMPLETE
4,0.518643496207058,2026-04-22 05:14:46.995489,2026-04-22 05:14:58.532790,0 days 00:00:11.537301,128,0.4391599915244341,32,1,0.002299958642814372,1.8427970406864546e-05,COMPLETE
5,0.5250795131013126,2026-04-22 05:14:58.532862,2026-04-22 05:15:33.927211,0 days 00:00:35.394349,32,0.25636968998990506,32,2,0.0015308837415731389,1.6736010167825783e-05,COMPLETE
6,0.48971266993795154,2026-04-22 05:15:33.927279,2026-04-22 05:16:17.855498,0 days 00:00:43.928219,32,0.34338629141770904,24,1,0.0001483039268456802,0.0038842777547031426,PRUNED
7,0.5257947714300734,2026-04-22 05:16:17.855531,2026-04-22 05:16:36.706918,0 days 00:00:18.851387,64,0.2478376983753207,32,1,0.001131225105716033,0.0019158219548093154,COMPLETE
8,0.5134532246447496,2026-04-22 05:16:36.706992,2026-04-22 05:16:45.427815,0 days 00:00:08.720823,128,0.32574239243053066,16,2,0.0005639239991667561,0.005280796376895365,COMPLETE
9,0.5217298996937366,2026-04-22 05:16:45.427875,2026-04-22 05:16:58.772164,0 days 00:00:13.344289,64,0.45336150260416935,32,1,0.0019375501864120402,0.0025764174425233167,COMPLETE
10,0.5279589214418448,2026-04-22 05:16:58.772245,2026-04-22 05:17:55.346597,0 days 00:00:56.574352,32,0.5838224762263868,48,2,0.0006559365756017924,9.88217506715559e-05,COMPLETE
11,0.5249508849451529,2026-04-22 05:17:55.346649,2026-04-22 05:18:20.723113,0 days 00:00:25.376464,32,0.5787847505560597,48,2,0.000653055515858278,0.00010590901422099055,COMPLETE
12,0.5311205597940366,2026-04-22 05:18:20.723177,2026-04-22 05:18:45.927309,0 days 00:00:25.204132,32,0.5832024009781274,48,2,0.0009138483209207609,0.00012256700654327124,COMPLETE
13,0.5291631047866358,2026-04-22 05:18:45.927365,2026-04-22 05:19:05.392733,0 days 00:00:19.465368,32,0.516587732899981,48,2,0.002990760945699614,8.663049339532192e-05,COMPLETE
14,0.5277342522006667,2026-04-22 05:19:05.392802,2026-04-22 05:19:27.590734,0 days 00:00:22.197932,32,0.5170568439631311,48,2,0.0009894162917596777,0.0003488741324399338,COMPLETE
15,0.5214681011374814,2026-04-22 05:19:27.590797,2026-04-22 05:20:00.233490,0 days 00:00:32.642693,32,0.5196067898923029,48,2,0.00032832913949538777,6.420356182617623e-05,COMPLETE
16,0.526381663913892,2026-04-22 05:20:00.233545,2026-04-22 05:20:25.309379,0 days 00:00:25.075834,32,0.5232264137788657,48,2,0.0029596330270800887,0.0001927910892497134,COMPLETE
17,0.5272882387096309,2026-04-22 05:20:25.309432,2026-04-22 05:21:02.192404,0 days 00:00:36.882972,32,0.5538625619903753,48,2,0.0009587852214094023,3.798895757932489e-05,COMPLETE
18,0.5147195213824307,2026-04-22 05:21:02.192470,2026-04-22 05:22:01.290811,0 days 00:00:59.098341,32,0.4883283328939839,48,2,0.0003309618982228701,0.0002406388454240433,COMPLETE
19,0.519457236438249,2026-04-22 05:22:01.290874,2026-04-22 05:22:17.298189,0 days 00:00:16.007315,64,0.5939466747233316,48,2,0.001353592901523836,3.244191070587435e-05,COMPLETE
20,0.5319629949908455,2026-04-22 05:22:17.298264,2026-04-22 05:22:42.385175,0 days 00:00:25.086911,32,0.48456887874252597,16,2,0.0028632223257240574,0.0006712353825366824,COMPLETE
21,0.5322755272442605,2026-04-22 05:22:42.385248,2026-04-22 05:23:09.720668,0 days 00:00:27.335420,32,0.4835663798174578,16,2,0.0027277188735593118,0.001144667450745892,COMPLETE
22,0.5107177622822179,2026-04-22 05:23:09.720722,2026-04-22 05:23:36.695688,0 days 00:00:26.974966,32,0.40690908233588474,16,2,0.0001011590504969335,0.0012829906845455267,PRUNED
23,0.5350813048790446,2026-04-22 05:23:36.695724,2026-04-22 05:24:17.465775,0 days 00:00:40.770051,32,0.47274088540256054,16,2,0.0015066106237006218,0.0008267235991373622,COMPLETE
24,0.523376882842024,2026-04-22 05:24:17.465833,2026-04-22 05:24:44.620622,0 days 00:00:27.154789,32,0.4764267067375722,16,2,0.0015829423596415157,0.009755363055154873,COMPLETE
25,0.533284048732021,2026-04-22 05:24:44.620675,2026-04-22 05:25:20.401308,0 days 00:00:35.780633,32,0.4075301549946484,16,2,0.0026232212439981587,0.0008007973538537488,COMPLETE
26,0.5203551768310332,2026-04-22 05:25:20.401374,2026-04-22 05:25:48.249529,0 days 00:00:27.848155,32,0.4091758403215825,16,2,0.001396709761530856,0.0011970682284823146,COMPLETE
27,0.5119054002630854,2026-04-22 05:25:48.249584,2026-04-22 05:26:06.725338,0 days 00:00:18.475754,32,0.3707136129212677,16,2,0.002319614211005003,0.00045282026946183706,COMPLETE
28,0.5076876062740363,2026-04-22 05:26:06.725392,2026-04-22 05:26:16.287872,0 days 00:00:09.562480,128,0.42298989886439226,16,2,0.0017762669375444792,0.0014811622841771704,COMPLETE
29,0.5206524865343365,2026-04-22 05:26:16.287935,2026-04-22 05:26:34.348873,0 days 00:00:18.060938,64,0.32885437505718146,16,1,0.0020896271495171714,0.0008348153002665932,COMPLETE
